# JRE version: OpenJDK Runtime Environment Temurin-17.0.10+7 (17.0.10+7) (build 17.0.10+7)
# Java VM: OpenJDK 64-Bit Server VM Temurin-17.0.10+7 (17.0.10+7, mixed mode, emulated-client, tiered, compressed oops, compressed class ptrs, g1 gc, windows-amd64)
GC Precious Log:
 CPUs: 12 total, 12 available
 Memory: 15781M
 Large Page Support: Disabled
 NUMA Support: Disabled
 Compressed Oops: Enabled (Zero based)
 Heap Region Size: 2M
 Heap Min Capacity: 8M
 Heap Initial Capacity: 248M
 Heap Max Capacity: 3946M
 Pre-touch: Disabled
 Parallel Workers: 10
 Concurrent Workers: 3
 Concurrent Refinement Workers: 10
 Periodic GC: Disabled
Heap:
 garbage-first heap   total 233472K, used 103641K [0x0000000709600000, 0x0000000800000000)
  region size 2048K, 4 young (8192K), 4 survivors (8192K)
 Metaspace       used 116696K, committed 118016K, reserved 1179648K
  class space    used 15829K, committed 16448K, reserved 1048576K
GC Heap History (20 events):
Event: 20600.912 GC heap after
{Heap after GC invocations=231 (full 16):
 garbage-first heap   total 172032K, used 58588K [0x0000000709600000, 0x0000000800000000)
  region size 2048K, 4 young (8192K), 4 survivors (8192K)
 Metaspace       used 115328K, committed 116544K, reserved 1179648K
  class space    used 15676K, committed 16256K, reserved 1048576K
}
Event: 20601.077 GC heap before
{Heap before GC invocations=232 (full 16):
 garbage-first heap   total 198656K, used 132316K [0x0000000709600000, 0x0000000800000000)
  region size 2048K, 41 young (83968K), 4 survivors (8192K)
 Metaspace       used 115328K, committed 116544K, reserved 1179648K
  class space    used 15676K, committed 16256K, reserved 1048576K
}
Event: 20601.083 GC heap after
{Heap after GC invocations=233 (full 16):
 garbage-first heap   total 198656K, used 62128K [0x0000000709600000, 0x0000000800000000)
  region size 2048K, 5 young (10240K), 5 survivors (10240K)
 Metaspace       used 115328K, committed 116544K, reserved 1179648K
  class space    used 15676K, committed 16256K, reserved 1048576K
}
Event: 20601.225 GC heap before
{Heap before GC invocations=233 (full 16):
 garbage-first heap   total 198656K, used 154288K [0x0000000709600000, 0x0000000800000000)
  region size 2048K, 51 young (104448K), 5 survivors (10240K)
 Metaspace       used 115328K, committed 116544K, reserved 1179648K
  class space    used 15676K, committed 16256K, reserved 1048576K
}
Event: 20601.234 GC heap after
{Heap after GC invocations=234 (full 16):
 garbage-first heap   total 198656K, used 67698K [0x0000000709600000, 0x0000000800000000)
  region size 2048K, 6 young (12288K), 6 survivors (12288K)
 Metaspace       used 115328K, committed 116544K, reserved 1179648K
  class space    used 15676K, committed 16256K, reserved 1048576K
}
Event: 20703.000 GC heap before
{Heap before GC invocations=235 (full 16):
 garbage-first heap   total 198656K, used 149618K [0x0000000709600000, 0x0000000800000000)
  region size 2048K, 47 young (96256K), 6 survivors (12288K)
 Metaspace       used 115474K, committed 116672K, reserved 1179648K
  class space    used 15690K, committed 16256K, reserved 1048576K
}
Event: 20703.005 GC heap after
{Heap after GC invocations=236 (full 16):
 garbage-first heap   total 198656K, used 61425K [0x0000000709600000, 0x0000000800000000)
  region size 2048K, 2 young (4096K), 2 survivors (4096K)
 Metaspace       used 115474K, committed 116672K, reserved 1179648K
  class space    used 15690K, committed 16256K, reserved 1048576K
}
Event: 20990.124 GC heap before
{Heap before GC invocations=236 (full 16):
 garbage-first heap   total 198656K, used 149489K [0x0000000709600000, 0x0000000800000000)
  region size 2048K, 46 young (94208K), 2 survivors (4096K)
 Metaspace       used 115477K, committed 116736K, reserved 1179648K
  class space    used 15690K, committed 16256K, reserved 1048576K
}
Event: 20990.245 GC heap after
{Heap after GC invocations=237 (full 17):
 garbage-first heap   total 172032K, used 46297K [0x0000000709600000, 0x0000000800000000)
  region size 2048K, 0 young (0K), 0 survivors (0K)
 Metaspace       used 115417K, committed 116736K, reserved 1179648K
  class space    used 15680K, committed 16256K, reserved 1048576K
}
Event: 20991.112 GC heap before
{Heap before GC invocations=237 (full 17):
 garbage-first heap   total 172032K, used 130265K [0x0000000709600000, 0x0000000800000000)
  region size 2048K, 42 young (86016K), 0 survivors (0K)
 Metaspace       used 115923K, committed 117120K, reserved 1179648K
  class space    used 15763K, committed 16320K, reserved 1048576K
}
Event: 20991.117 GC heap after
{Heap after GC invocations=238 (full 17):
 garbage-first heap   total 172032K, used 52247K [0x0000000709600000, 0x0000000800000000)
  region size 2048K, 3 young (6144K), 3 survivors (6144K)
 Metaspace       used 115923K, committed 117120K, reserved 1179648K
  class space    used 15763K, committed 16320K, reserved 1048576K
}
Event: 20992.037 GC heap before
{Heap before GC invocations=239 (full 17):
 garbage-first heap   total 172032K, used 132119K [0x0000000709600000, 0x0000000800000000)
  region size 2048K, 42 young (86016K), 3 survivors (6144K)
 Metaspace       used 116673K, committed 117952K, reserved 1179648K
  class space    used 15827K, committed 16448K, reserved 1048576K
}
Event: 20992.044 GC heap after
{Heap after GC invocations=240 (full 17):
 garbage-first heap   total 172032K, used 56240K [0x0000000709600000, 0x0000000800000000)
  region size 2048K, 5 young (10240K), 5 survivors (10240K)
 Metaspace       used 116673K, committed 117952K, reserved 1179648K
  class space    used 15827K, committed 16448K, reserved 1048576K
}
Event: 20992.282 GC heap before
{Heap before GC invocations=240 (full 17):
 garbage-first heap   total 172032K, used 129968K [0x0000000709600000, 0x0000000800000000)
  region size 2048K, 42 young (86016K), 5 survivors (10240K)
 Metaspace       used 116709K, committed 118016K, reserved 1179648K
  class space    used 15831K, committed 16448K, reserved 1048576K
}
Event: 20992.297 GC heap after
{Heap after GC invocations=241 (full 17):
 garbage-first heap   total 172032K, used 71757K [0x0000000709600000, 0x0000000800000000)
  region size 2048K, 6 young (12288K), 6 survivors (12288K)
 Metaspace       used 116709K, committed 118016K, reserved 1179648K
  class space    used 15831K, committed 16448K, reserved 1048576K
}
Event: 20992.430 GC heap before
{Heap before GC invocations=242 (full 17):
 garbage-first heap   total 192512K, used 122957K [0x0000000709600000, 0x0000000800000000)
  region size 2048K, 32 young (65536K), 6 survivors (12288K)
 Metaspace       used 116709K, committed 118016K, reserved 1179648K
  class space    used 15831K, committed 16448K, reserved 1048576K
}
Event: 20992.441 GC heap after
{Heap after GC invocations=243 (full 17):
 garbage-first heap   total 192512K, used 81113K [0x0000000709600000, 0x0000000800000000)
  region size 2048K, 4 young (8192K), 4 survivors (8192K)
 Metaspace       used 116709K, committed 118016K, reserved 1179648K
  class space    used 15831K, committed 16448K, reserved 1048576K
}
Event: 20992.537 GC heap before
{Heap before GC invocations=243 (full 17):
 garbage-first heap   total 192512K, used 140505K [0x0000000709600000, 0x0000000800000000)
  region size 2048K, 34 young (69632K), 4 survivors (8192K)
 Metaspace       used 116709K, committed 118016K, reserved 1179648K
  class space    used 15831K, committed 16448K, reserved 1048576K
}
Event: 20992.549 GC heap after
{Heap after GC invocations=244 (full 17):
 garbage-first heap   total 192512K, used 96151K [0x0000000709600000, 0x0000000800000000)
  region size 2048K, 5 young (10240K), 5 survivors (10240K)
 Metaspace       used 116709K, committed 118016K, reserved 1179648K
  class space    used 15831K, committed 16448K, reserved 1048576K
}
Event: 20992.690 GC heap before
{Heap before GC invocations=244 (full 17):
 garbage-first heap   total 233472K, used 135063K [0x0000000709600000, 0x0000000800000000)
  region size 2048K, 28 young (57344K), 5 survivors (10240K)
 Metaspace       used 116696K, committed 118016K, reserved 1179648K
  class space    used 15829K, committed 16448K, reserved 1048576K
}

